生成启动时间为 2019/2/1 12:30:03。
     1>项目“E:\FPGA\YUVSee\YUVSeeOK\YUVSee\YUVSee.vcxproj”在节点 2 上(Rebuild 个目标)。
     1>ClCompile:
         C:\Program Files (x86)\Microsoft Visual Studio 11.0\VC\bin\CL.exe /c /ZI /nologo /W3 /WX- /Od /Oy- /D WIN32 /D _DEBUG /D _WINDOWS /D _UNICODE /D UNICODE /Gm /EHsc /RTC1 /MDd /GS /fp:precise /Zc:wchar_t /Zc:forScope /Yc"stdafx.h" /Fp"Debug\YUVSee.pch" /Fo"Debug\\" /Fd"Debug\vc110.pdb" /Gd /TP /analyze- /errorReport:prompt stdafx.cpp
         stdafx.cpp
         C:\Program Files (x86)\Microsoft Visual Studio 11.0\VC\bin\CL.exe /c /ZI /nologo /W3 /WX- /Od /Oy- /D WIN32 /D _DEBUG /D _WINDOWS /D _UNICODE /D UNICODE /Gm /EHsc /RTC1 /MDd /GS /fp:precise /Zc:wchar_t /Zc:forScope /Yu"stdafx.h" /Fp"Debug\YUVSee.pch" /Fo"Debug\\" /Fd"Debug\vc110.pdb" /Gd /TP /analyze- /errorReport:prompt LineReadFile.cpp stpParse.cpp YUVSee.cpp
         YUVSee.cpp
         stpParse.cpp
     1>e:\fpga\yuvsee\yuvseeok\yuvsee\bitmap_image.h(2933): warning C4003: “max”宏的实参不足
     1>e:\fpga\yuvsee\yuvseeok\yuvsee\stpparse.cpp(58): warning C4018: “<”: 有符号/无符号不匹配
     1>e:\fpga\yuvsee\yuvseeok\yuvsee\stpparse.cpp(60): warning C4018: “<”: 有符号/无符号不匹配
     1>e:\fpga\yuvsee\yuvseeok\yuvsee\stpparse.cpp(174): warning C4018: “<”: 有符号/无符号不匹配
     1>e:\fpga\yuvsee\yuvseeok\yuvsee\stpparse.cpp(228): warning C4244: “=”: 从“double”转换到“int”，可能丢失数据
     1>e:\fpga\yuvsee\yuvseeok\yuvsee\stpparse.cpp(229): warning C4244: “=”: 从“double”转换到“int”，可能丢失数据
     1>e:\fpga\yuvsee\yuvseeok\yuvsee\stpparse.cpp(230): warning C4244: “=”: 从“double”转换到“int”，可能丢失数据
     1>e:\fpga\yuvsee\yuvseeok\yuvsee\stpparse.cpp(260): warning C4146: 一元负运算符应用于无符号类型，结果仍为无符号类型
     1>c:\program files (x86)\microsoft visual studio 11.0\vc\include\xutility(2176): warning C4996: 'std::_Copy_impl': Function call with parameters that may be unsafe - this call relies on the caller to check that the passed values are correct. To disable this warning, use -D_SCL_SECURE_NO_WARNINGS. See documentation on how to use Visual C++ 'Checked Iterators'
                 c:\program files (x86)\microsoft visual studio 11.0\vc\include\xutility(2157) : 参见“std::_Copy_impl”的声明
                 e:\fpga\yuvsee\yuvseeok\yuvsee\bitmap_image.h(226): 参见对正在编译的函数 模板 实例化“_OutIt std::copy<const unsigned char*,unsigned char*>(_InIt,_InIt,_OutIt)”的引用
                 with
                 [
                     _OutIt=unsigned char *,
                     _InIt=const unsigned char *
                 ]
                 c:\program files (x86)\microsoft visual studio 11.0\vc\include\xutility(2157) : 参见“std::_Copy_impl”的声明
         LineReadFile.cpp
     1>e:\fpga\yuvsee\yuvseeok\yuvsee\linereadfile.cpp(15): warning C4996: 'strcpy': This function or variable may be unsafe. Consider using strcpy_s instead. To disable deprecation, use _CRT_SECURE_NO_WARNINGS. See online help for details.
                 c:\program files (x86)\microsoft visual studio 11.0\vc\include\string.h(110) : 参见“strcpy”的声明
     1>e:\fpga\yuvsee\yuvseeok\yuvsee\linereadfile.cpp(45): warning C4996: 'fopen': This function or variable may be unsafe. Consider using fopen_s instead. To disable deprecation, use _CRT_SECURE_NO_WARNINGS. See online help for details.
                 c:\program files (x86)\microsoft visual studio 11.0\vc\include\stdio.h(218) : 参见“fopen”的声明
         正在生成代码...
       ResourceCompile:
         C:\Program Files (x86)\Windows Kits\8.0\bin\x86\rc.exe /D _UNICODE /D UNICODE /l"0x0409" /nologo /fo"Debug\YUVSee.res" YUVSee.rc 
       Link:
         C:\Program Files (x86)\Microsoft Visual Studio 11.0\VC\bin\link.exe /ERRORREPORT:PROMPT /OUT:"E:\FPGA\YUVSee\YUVSeeOK\Debug\YUVSee.exe" /INCREMENTAL /NOLOGO kernel32.lib user32.lib gdi32.lib winspool.lib comdlg32.lib advapi32.lib shell32.lib ole32.lib oleaut32.lib uuid.lib odbc32.lib odbccp32.lib /MANIFEST /MANIFESTUAC:"level='asInvoker' uiAccess='false'" /manifest:embed /DEBUG /PDB:"E:\FPGA\YUVSee\YUVSeeOK\Debug\YUVSee.pdb" /SUBSYSTEM:WINDOWS /TLBID:1 /DYNAMICBASE /NXCOMPAT /IMPLIB:"E:\FPGA\YUVSee\YUVSeeOK\Debug\YUVSee.lib" /MACHINE:X86 Debug\YUVSee.res
         Debug\LineReadFile.obj
         Debug\stdafx.obj
         Debug\stpParse.obj
         Debug\YUVSee.obj
         YUVSee.vcxproj -> E:\FPGA\YUVSee\YUVSeeOK\Debug\YUVSee.exe
     1>已完成生成项目“E:\FPGA\YUVSee\YUVSeeOK\YUVSee\YUVSee.vcxproj”(Rebuild 个目标)的操作。

生成成功。

已用时间 00:00:02.41
